[2025-03-11 08:17:54,784 - INFO] - ميوزك فوكس - جـارِ الاتصـال بقاعـدة البيانـات . . .
[11-Mar-25 08:17:54 - INFO] - ميوزك فوكس - جـارِ الاتصـال بقاعـدة البيانـات . . .
[11-Mar-25 08:17:54 - DEBUG] - pymongo.topology - {"topologyId": {"$oid": "67cff1b23895a882e3658b5d"}, "message": "Starting topology monitoring"}
[11-Mar-25 08:17:54 - DEBUG] - pymongo.topology - {"topologyId": {"$oid": "67cff1b23895a882e3658b5d"}, "previousDescription": "<TopologyDescription id: 67cff1b23895a882e3658b5d, topology_type: Unknown, servers: []>", "newDescription": "<TopologyDescription id: 67cff1b23895a882e3658b5d, topology_type: ReplicaSetNoPrimary, servers: [<ServerDescription ('cluster0-shard-00-00.6bcyg.mongodb.net', 27017) server_type: Unknown, rtt: None>, <ServerDescription ('cluster0-shard-00-01.6bcyg.mongodb.net', 27017) server_type: Unknown, rtt: None>, <ServerDescription ('cluster0-shard-00-02.6bcyg.mongodb.net', 27017) server_type: Unknown, rtt: None>]>", "message": "Topology description changed"}
[11-Mar-25 08:17:54 - DEBUG] - pymongo.topology - {"topologyId": {"$oid": "67cff1b23895a882e3658b5d"}, "serverHost": "cluster0-shard-00-01.6bcyg.mongodb.net", "serverPort": 27017, "message": "Starting server monitoring"}
[11-Mar-25 08:17:54 - DEBUG] - pymongo.topology - {"topologyId": {"$oid": "67cff1b23895a882e3658b5d"}, "serverHost": "cluster0-shard-00-02.6bcyg.mongodb.net", "serverPort": 27017, "message": "Starting server monitoring"}
[11-Mar-25 08:17:54 - DEBUG] - pymongo.topology - {"topologyId": {"$oid": "67cff1b23895a882e3658b5d"}, "serverHost": "cluster0-shard-00-00.6bcyg.mongodb.net", "serverPort": 27017, "message": "Starting server monitoring"}
[2025-03-11 08:17:54,859 - INFO] - ميوزك فوكس - تم الاتصـال بقاعـدة البيانـات ...✓
[11-Mar-25 08:17:54 - INFO] - ميوزك فوكس - تم الاتصـال بقاعـدة البيانـات ...✓
[2025-03-11 08:17:54,859 - INFO] - ميوزك اليــكس - تم تحـديث السـورس ...✓
[11-Mar-25 08:17:54 - INFO] - ميوزك اليــكس - تم تحـديث السـورس ...✓
[2025-03-11 08:17:54,859 - INFO] - ميوزك فوكس - تم تحديث قاعدة بيانات البوت ...✓
[11-Mar-25 08:17:54 - INFO] - ميوزك فوكس - تم تحديث قاعدة بيانات البوت ...✓
[2025-03-11 08:17:54,859 - INFO] - ميوزك الــيكـس - جارِ بدء تشغيل البوت . . .
[11-Mar-25 08:17:54 - INFO] - ميوزك الــيكـس - جارِ بدء تشغيل البوت . . .
[11-Mar-25 08:17:55 - DEBUG] - pymongo.connection - {"clientId": {"$oid": "67cff1b23895a882e3658b5d"}, "message": "Connection pool created", "serverHost": "cluster0-shard-00-01.6bcyg.mongodb.net", "serverPort": 27017}
[11-Mar-25 08:17:55 - DEBUG] - pymongo.connection - {"clientId": {"$oid": "67cff1b23895a882e3658b5d"}, "message": "Connection pool created", "serverHost": "cluster0-shard-00-02.6bcyg.mongodb.net", "serverPort": 27017}
[11-Mar-25 08:17:55 - DEBUG] - pymongo.connection - {"clientId": {"$oid": "67cff1b23895a882e3658b5d"}, "message": "Connection pool created", "serverHost": "cluster0-shard-00-00.6bcyg.mongodb.net", "serverPort": 27017}
[11-Mar-25 08:17:55 - DEBUG] - pymongo.serverSelection - {"message": "Server selection started", "selector": "Primary()", "operation": "find", "topologyDescription": "<TopologyDescription id: 67cff1b23895a882e3658b5d, topology_type: ReplicaSetNoPrimary, servers: [<ServerDescription ('cluster0-shard-00-00.6bcyg.mongodb.net', 27017) server_type: Unknown, rtt: None>, <ServerDescription ('cluster0-shard-00-01.6bcyg.mongodb.net', 27017) server_type: Unknown, rtt: None>, <ServerDescription ('cluster0-shard-00-02.6bcyg.mongodb.net', 27017) server_type: Unknown, rtt: None>]>", "clientId": {"$oid": "67cff1b23895a882e3658b5d"}}
[11-Mar-25 08:17:55 - DEBUG] - pymongo.serverSelection - {"message": "Waiting for suitable server to become available", "selector": "Primary()", "operation": "find", "topologyDescription": "<TopologyDescription id: 67cff1b23895a882e3658b5d, topology_type: ReplicaSetNoPrimary, servers: [<ServerDescription ('cluster0-shard-00-00.6bcyg.mongodb.net', 27017) server_type: Unknown, rtt: None>, <ServerDescription ('cluster0-shard-00-01.6bcyg.mongodb.net', 27017) server_type: Unknown, rtt: None>, <ServerDescription ('cluster0-shard-00-02.6bcyg.mongodb.net', 27017) server_type: Unknown, rtt: None>]>", "clientId": {"$oid": "67cff1b23895a882e3658b5d"}, "remainingTimeMS": 29}
[11-Mar-25 08:17:55 - DEBUG] - pymongo.ocsp_support - Peer did not staple an OCSP response
[11-Mar-25 08:17:55 - DEBUG] - pymongo.ocsp_support - Requesting OCSP data
[11-Mar-25 08:17:55 - DEBUG] - pymongo.ocsp_support - Trying http://r11.o.lencr.org
[11-Mar-25 08:17:55 - DEBUG] - urllib3.connectionpool - Starting new HTTP connection (1): r11.o.lencr.org:80
[11-Mar-25 08:17:55 - DEBUG] - pymongo.ocsp_support - Peer did not staple an OCSP response
[11-Mar-25 08:17:55 - DEBUG] - pymongo.ocsp_support - Requesting OCSP data
[11-Mar-25 08:17:55 - DEBUG] - pymongo.ocsp_support - Trying http://r11.o.lencr.org
[11-Mar-25 08:17:55 - DEBUG] - urllib3.connectionpool - Starting new HTTP connection (1): r11.o.lencr.org:80
[11-Mar-25 08:17:55 - DEBUG] - pymongo.ocsp_support - Peer did not staple an OCSP response
[11-Mar-25 08:17:55 - DEBUG] - pymongo.ocsp_support - Requesting OCSP data
[11-Mar-25 08:17:55 - DEBUG] - pymongo.ocsp_support - Trying http://r11.o.lencr.org
[11-Mar-25 08:17:55 - DEBUG] - urllib3.connectionpool - Starting new HTTP connection (1): r11.o.lencr.org:80
[11-Mar-25 08:17:55 - DEBUG] - urllib3.connectionpool - http://r11.o.lencr.org:80 "POST / HTTP/11" 200 504
[11-Mar-25 08:17:55 - DEBUG] - urllib3.connectionpool - http://r11.o.lencr.org:80 "POST / HTTP/11" 200 504
[11-Mar-25 08:17:55 - DEBUG] - pymongo.ocsp_support - OCSP response status: <OCSPResponseStatus.SUCCESSFUL: 0>
[11-Mar-25 08:17:55 - DEBUG] - pymongo.ocsp_support - Verifying response
[11-Mar-25 08:17:55 - DEBUG] - pymongo.ocsp_support - OCSP response status: <OCSPResponseStatus.SUCCESSFUL: 0>
[11-Mar-25 08:17:55 - DEBUG] - pymongo.ocsp_support - Verifying response
[11-Mar-25 08:17:55 - DEBUG] - pymongo.ocsp_support - Responder is issuer
[11-Mar-25 08:17:55 - DEBUG] - pymongo.ocsp_support - Responder is issuer
[11-Mar-25 08:17:55 - DEBUG] - urllib3.connectionpool - http://r11.o.lencr.org:80 "POST / HTTP/11" 200 504
[11-Mar-25 08:17:55 - DEBUG] - pymongo.ocsp_support - Caching OCSP response.
[11-Mar-25 08:17:55 - DEBUG] - pymongo.ocsp_support - Caching OCSP response.
[11-Mar-25 08:17:55 - DEBUG] - pymongo.ocsp_support - OCSP response status: <OCSPResponseStatus.SUCCESSFUL: 0>
[11-Mar-25 08:17:55 - DEBUG] - pymongo.ocsp_support - OCSP cert status: <OCSPCertStatus.GOOD: 0>
[11-Mar-25 08:17:55 - DEBUG] - pymongo.topology - {"topologyId": {"$oid": "67cff1b23895a882e3658b5d"}, "driverConnectionId": 1, "serverHost": "cluster0-shard-00-02.6bcyg.mongodb.net", "serverPort": 27017, "awaited": false, "message": "Server heartbeat started"}
[11-Mar-25 08:17:55 - DEBUG] - pymongo.ocsp_support - Verifying response
[11-Mar-25 08:17:55 - DEBUG] - pymongo.ocsp_support - OCSP cert status: <OCSPCertStatus.GOOD: 0>
[11-Mar-25 08:17:55 - DEBUG] - pymongo.ocsp_support - Responder is issuer
[11-Mar-25 08:17:55 - DEBUG] - pymongo.ocsp_support - Caching OCSP response.
[11-Mar-25 08:17:55 - DEBUG] - pymongo.topology - {"topologyId": {"$oid": "67cff1b23895a882e3658b5d"}, "driverConnectionId": 1, "serverHost": "cluster0-shard-00-01.6bcyg.mongodb.net", "serverPort": 27017, "awaited": false, "message": "Server heartbeat started"}
[11-Mar-25 08:17:55 - DEBUG] - pymongo.ocsp_support - OCSP cert status: <OCSPCertStatus.GOOD: 0>
[11-Mar-25 08:17:55 - DEBUG] - pymongo.topology - {"topologyId": {"$oid": "67cff1b23895a882e3658b5d"}, "driverConnectionId": 1, "serverHost": "cluster0-shard-00-00.6bcyg.mongodb.net", "serverPort": 27017, "awaited": false, "message": "Server heartbeat started"}
[11-Mar-25 08:17:55 - DEBUG] - pymongo.topology - {"topologyId": {"$oid": "67cff1b23895a882e3658b5d"}, "driverConnectionId": 1, "serverConnectionId": 227327, "serverHost": "cluster0-shard-00-01.6bcyg.mongodb.net", "serverPort": 27017, "awaited": false, "durationMS": 79.12684231996536, "reply": "{\"helloOk\": true, \"topologyVersion\": {\"processId\": {\"$oid\": \"67bde9ab28c7a8bfae633e91\"}, \"counter\": 3}, \"hosts\": [\"cluster0-shard-00-00.6bcyg.mongodb.net:27017\", \"cluster0-shard-00-01.6bcyg.mongodb.net:27017\", \"cluster0-shard-00-02.6bcyg.mongodb.net:27017\"], \"setName\": \"atlas-hyi459-shard-0\", \"setVersion\": 1, \"secondary\": true, \"primary\": \"cluster0-shard-00-02.6bcyg.mongodb.net:27017\", \"tags\": {\"availabilityZone\": \"mes1-az2\", \"diskState\": \"READY\", \"workloadType\": \"OPERATIONAL\", \"provider\": \"AWS\", \"nodeType\": \"ELECTABLE\", \"region\": \"ME_SOUTH_1\"}, \"me\": \"cluster0-shard-00-01.6bcyg.mongodb.net:27017\", \"lastWrite\": {\"opTime\": {\"ts\": {\"$timestamp\": {\"t\": 1741681071, \"i\": 1}}, \"t\": 8}, \"lastWriteDate\": {\"$date\": \"2025-03-11T08:17:51Z\"}, \"majorityOpTime\": {\"ts\": {\"$timestamp\": {\"t\": 1741681071, \"i\": 1}}, \"t\": 8}, \"majorityWriteDate\": {\"$date\": \"2025-03-11T08:17:51Z\"}}, \"maxBsonObjectSize\": 16777216, \"maxMessageSizeBytes\": 48000000, \"maxWriteBatchSize\": 100000, \"localTime\": {\"$date\": \"2025-03-...", "message": "Server heartbeat succeeded"}
[11-Mar-25 08:17:55 - DEBUG] - pymongo.connection - {"clientId": {"$oid": "67cff1b23895a882e3658b5d"}, "message": "Connection pool ready", "serverHost": "cluster0-shard-00-01.6bcyg.mongodb.net", "serverPort": 27017}
[11-Mar-25 08:17:55 - DEBUG] - pymongo.topology - {"topologyId": {"$oid": "67cff1b23895a882e3658b5d"}, "previousDescription": "<TopologyDescription id: 67cff1b23895a882e3658b5d, topology_type: ReplicaSetNoPrimary, servers: [<ServerDescription ('cluster0-shard-00-00.6bcyg.mongodb.net', 27017) server_type: Unknown, rtt: None>, <ServerDescription ('cluster0-shard-00-01.6bcyg.mongodb.net', 27017) server_type: Unknown, rtt: None>, <ServerDescription ('cluster0-shard-00-02.6bcyg.mongodb.net', 27017) server_type: Unknown, rtt: None>]>", "newDescription": "<TopologyDescription id: 67cff1b23895a882e3658b5d, topology_type: ReplicaSetNoPrimary, servers: [<ServerDescription ('cluster0-shard-00-00.6bcyg.mongodb.net', 27017) server_type: Unknown, rtt: None>, <ServerDescription ('cluster0-shard-00-01.6bcyg.mongodb.net', 27017) server_type: RSSecondary, rtt: 0.07912684231996536>, <ServerDescription ('cluster0-shard-00-02.6bcyg.mongodb.net', 27017) server_type: Unknown, rtt: None>]>", "message": "Topology description changed"}
[11-Mar-25 08:17:55 - DEBUG] - pymongo.topology - {"topologyId": {"$oid": "67cff1b23895a882e3658b5d"}, "driverConnectionId": 1, "serverConnectionId": 227327, "serverHost": "cluster0-shard-00-01.6bcyg.mongodb.net", "serverPort": 27017, "awaited": true, "message": "Server heartbeat started"}
[11-Mar-25 08:17:55 - DEBUG] - pymongo.topology - {"topologyId": {"$oid": "67cff1b23895a882e3658b5d"}, "driverConnectionId": 1, "serverConnectionId": 228602, "serverHost": "cluster0-shard-00-00.6bcyg.mongodb.net", "serverPort": 27017, "awaited": false, "durationMS": 80.61498031020164, "reply": "{\"helloOk\": true, \"topologyVersion\": {\"processId\": {\"$oid\": \"67bde9545b02c80ca1661fe3\"}, \"counter\": 4}, \"hosts\": [\"cluster0-shard-00-00.6bcyg.mongodb.net:27017\", \"cluster0-shard-00-01.6bcyg.mongodb.net:27017\", \"cluster0-shard-00-02.6bcyg.mongodb.net:27017\"], \"setName\": \"atlas-hyi459-shard-0\", \"setVersion\": 1, \"secondary\": true, \"primary\": \"cluster0-shard-00-02.6bcyg.mongodb.net:27017\", \"tags\": {\"availabilityZone\": \"mes1-az1\", \"diskState\": \"READY\", \"region\": \"ME_SOUTH_1\", \"provider\": \"AWS\", \"workloadType\": \"OPERATIONAL\", \"nodeType\": \"ELECTABLE\"}, \"me\": \"cluster0-shard-00-00.6bcyg.mongodb.net:27017\", \"lastWrite\": {\"opTime\": {\"ts\": {\"$timestamp\": {\"t\": 1741681071, \"i\": 1}}, \"t\": 8}, \"lastWriteDate\": {\"$date\": \"2025-03-11T08:17:51Z\"}, \"majorityOpTime\": {\"ts\": {\"$timestamp\": {\"t\": 1741681071, \"i\": 1}}, \"t\": 8}, \"majorityWriteDate\": {\"$date\": \"2025-03-11T08:17:51Z\"}}, \"maxBsonObjectSize\": 16777216, \"maxMessageSizeBytes\": 48000000, \"maxWriteBatchSize\": 100000, \"localTime\": {\"$date\": \"2025-03-...", "message": "Server heartbeat succeeded"}
[11-Mar-25 08:17:55 - DEBUG] - pymongo.connection - {"clientId": {"$oid": "67cff1b23895a882e3658b5d"}, "message": "Connection pool ready", "serverHost": "cluster0-shard-00-00.6bcyg.mongodb.net", "serverPort": 27017}
[11-Mar-25 08:17:55 - DEBUG] - pymongo.topology - {"topologyId": {"$oid": "67cff1b23895a882e3658b5d"}, "previousDescription": "<TopologyDescription id: 67cff1b23895a882e3658b5d, topology_type: ReplicaSetNoPrimary, servers: [<ServerDescription ('cluster0-shard-00-00.6bcyg.mongodb.net', 27017) server_type: Unknown, rtt: None>, <ServerDescription ('cluster0-shard-00-01.6bcyg.mongodb.net', 27017) server_type: RSSecondary, rtt: 0.07912684231996536>, <ServerDescription ('cluster0-shard-00-02.6bcyg.mongodb.net', 27017) server_type: Unknown, rtt: None>]>", "newDescription": "<TopologyDescription id: 67cff1b23895a882e3658b5d, topology_type: ReplicaSetNoPrimary, servers: [<ServerDescription ('cluster0-shard-00-00.6bcyg.mongodb.net', 27017) server_type: RSSecondary, rtt: 0.08061498031020164>, <ServerDescription ('cluster0-shard-00-01.6bcyg.mongodb.net', 27017) server_type: RSSecondary, rtt: 0.07912684231996536>, <ServerDescription ('cluster0-shard-00-02.6bcyg.mongodb.net', 27017) server_type: Unknown, rtt: None>]>", "message": "Topology description changed"}
[11-Mar-25 08:17:55 - DEBUG] - pymongo.topology - {"topologyId": {"$oid": "67cff1b23895a882e3658b5d"}, "driverConnectionId": 1, "serverConnectionId": 228602, "serverHost": "cluster0-shard-00-00.6bcyg.mongodb.net", "serverPort": 27017, "awaited": true, "message": "Server heartbeat started"}
[11-Mar-25 08:17:55 - DEBUG] - pymongo.topology - {"topologyId": {"$oid": "67cff1b23895a882e3658b5d"}, "driverConnectionId": 1, "serverConnectionId": 239233, "serverHost": "cluster0-shard-00-02.6bcyg.mongodb.net", "serverPort": 27017, "awaited": false, "durationMS": 86.29249408841133, "reply": "{\"helloOk\": true, \"topologyVersion\": {\"processId\": {\"$oid\": \"67bde97fa94068c75fcddae9\"}, \"counter\": 6}, \"hosts\": [\"cluster0-shard-00-00.6bcyg.mongodb.net:27017\", \"cluster0-shard-00-01.6bcyg.mongodb.net:27017\", \"cluster0-shard-00-02.6bcyg.mongodb.net:27017\"], \"setName\": \"atlas-hyi459-shard-0\", \"setVersion\": 1, \"ismaster\": true, \"primary\": \"cluster0-shard-00-02.6bcyg.mongodb.net:27017\", \"tags\": {\"nodeType\": \"ELECTABLE\", \"provider\": \"AWS\", \"region\": \"ME_SOUTH_1\", \"workloadType\": \"OPERATIONAL\", \"diskState\": \"READY\", \"availabilityZone\": \"mes1-az3\"}, \"me\": \"cluster0-shard-00-02.6bcyg.mongodb.net:27017\", \"electionId\": {\"$oid\": \"7fffffff0000000000000008\"}, \"lastWrite\": {\"opTime\": {\"ts\": {\"$timestamp\": {\"t\": 1741681071, \"i\": 1}}, \"t\": 8}, \"lastWriteDate\": {\"$date\": \"2025-03-11T08:17:51Z\"}, \"majorityOpTime\": {\"ts\": {\"$timestamp\": {\"t\": 1741681071, \"i\": 1}}, \"t\": 8}, \"majorityWriteDate\": {\"$date\": \"2025-03-11T08:17:51Z\"}}, \"maxBsonObjectSize\": 16777216, \"maxMessageSizeBytes\": 48000000, \"maxWriteB...", "message": "Server heartbeat succeeded"}
[11-Mar-25 08:17:55 - DEBUG] - pymongo.connection - {"clientId": {"$oid": "67cff1b23895a882e3658b5d"}, "message": "Connection pool ready", "serverHost": "cluster0-shard-00-02.6bcyg.mongodb.net", "serverPort": 27017}
[11-Mar-25 08:17:55 - DEBUG] - pymongo.topology - {"topologyId": {"$oid": "67cff1b23895a882e3658b5d"}, "previousDescription": "<TopologyDescription id: 67cff1b23895a882e3658b5d, topology_type: ReplicaSetNoPrimary, servers: [<ServerDescription ('cluster0-shard-00-00.6bcyg.mongodb.net', 27017) server_type: RSSecondary, rtt: 0.08061498031020164>, <ServerDescription ('cluster0-shard-00-01.6bcyg.mongodb.net', 27017) server_type: RSSecondary, rtt: 0.07912684231996536>, <ServerDescription ('cluster0-shard-00-02.6bcyg.mongodb.net', 27017) server_type: Unknown, rtt: None>]>", "newDescription": "<TopologyDescription id: 67cff1b23895a882e3658b5d, topology_type: ReplicaSetWithPrimary, servers: [<ServerDescription ('cluster0-shard-00-00.6bcyg.mongodb.net', 27017) server_type: RSSecondary, rtt: 0.08061498031020164>, <ServerDescription ('cluster0-shard-00-01.6bcyg.mongodb.net', 27017) server_type: RSSecondary, rtt: 0.07912684231996536>, <ServerDescription ('cluster0-shard-00-02.6bcyg.mongodb.net', 27017) server_type: RSPrimary, rtt: 0.08629249408841133>]>", "message": "Topology description changed"}
[11-Mar-25 08:17:55 - DEBUG] - pymongo.serverSelection - {"message": "Server selection succeeded", "selector": "Primary()", "operation": "find", "topologyDescription": "<TopologyDescription id: 67cff1b23895a882e3658b5d, topology_type: ReplicaSetWithPrimary, servers: [<ServerDescription ('cluster0-shard-00-00.6bcyg.mongodb.net', 27017) server_type: RSSecondary, rtt: 0.08061498031020164>, <ServerDescription ('cluster0-shard-00-01.6bcyg.mongodb.net', 27017) server_type: RSSecondary, rtt: 0.07912684231996536>, <ServerDescription ('cluster0-shard-00-02.6bcyg.mongodb.net', 27017) server_type: RSPrimary, rtt: 0.08629249408841133>]>", "clientId": {"$oid": "67cff1b23895a882e3658b5d"}, "serverHost": "cluster0-shard-00-02.6bcyg.mongodb.net", "serverPort": 27017}
[11-Mar-25 08:17:55 - DEBUG] - pymongo.connection - {"clientId": {"$oid": "67cff1b23895a882e3658b5d"}, "message": "Connection checkout started", "serverHost": "cluster0-shard-00-02.6bcyg.mongodb.net", "serverPort": 27017}
[11-Mar-25 08:17:55 - DEBUG] - pymongo.connection - {"clientId": {"$oid": "67cff1b23895a882e3658b5d"}, "message": "Connection created", "serverHost": "cluster0-shard-00-02.6bcyg.mongodb.net", "serverPort": 27017, "driverConnectionId": 1}
[11-Mar-25 08:17:55 - DEBUG] - pymongo.topology - {"topologyId": {"$oid": "67cff1b23895a882e3658b5d"}, "driverConnectionId": 1, "serverConnectionId": 239233, "serverHost": "cluster0-shard-00-02.6bcyg.mongodb.net", "serverPort": 27017, "awaited": true, "message": "Server heartbeat started"}
[11-Mar-25 08:17:55 - DEBUG] - pymongo.ocsp_support - Peer did not staple an OCSP response
[11-Mar-25 08:17:55 - DEBUG] - pymongo.ocsp_support - Requesting OCSP data
[11-Mar-25 08:17:55 - DEBUG] - pymongo.ocsp_support - Trying http://r11.o.lencr.org
[11-Mar-25 08:17:55 - DEBUG] - pymongo.ocsp_support - Using cached OCSP response.
[11-Mar-25 08:17:55 - DEBUG] - pymongo.ocsp_support - OCSP cert status: <OCSPCertStatus.GOOD: 0>
[11-Mar-25 08:17:55 - DEBUG] - pymongo.ocsp_support - Peer did not staple an OCSP response
[11-Mar-25 08:17:55 - DEBUG] - pymongo.ocsp_support - Requesting OCSP data
[11-Mar-25 08:17:55 - DEBUG] - pymongo.ocsp_support - Trying http://r11.o.lencr.org
[11-Mar-25 08:17:55 - DEBUG] - pymongo.ocsp_support - Using cached OCSP response.
[11-Mar-25 08:17:55 - DEBUG] - pymongo.ocsp_support - OCSP cert status: <OCSPCertStatus.GOOD: 0>
[11-Mar-25 08:17:55 - DEBUG] - pymongo.ocsp_support - Peer did not staple an OCSP response
[11-Mar-25 08:17:55 - DEBUG] - pymongo.ocsp_support - Requesting OCSP data
[11-Mar-25 08:17:55 - DEBUG] - pymongo.ocsp_support - Trying http://r11.o.lencr.org
[11-Mar-25 08:17:55 - DEBUG] - pymongo.ocsp_support - Using cached OCSP response.
[11-Mar-25 08:17:55 - DEBUG] - pymongo.ocsp_support - OCSP cert status: <OCSPCertStatus.GOOD: 0>
[11-Mar-25 08:17:55 - DEBUG] - pymongo.ocsp_support - Peer did not staple an OCSP response
[11-Mar-25 08:17:55 - DEBUG] - pymongo.ocsp_support - Requesting OCSP data
[11-Mar-25 08:17:55 - DEBUG] - pymongo.ocsp_support - Trying http://r11.o.lencr.org
[11-Mar-25 08:17:55 - DEBUG] - pymongo.ocsp_support - Using cached OCSP response.
[11-Mar-25 08:17:55 - DEBUG] - pymongo.ocsp_support - OCSP cert status: <OCSPCertStatus.GOOD: 0>
[11-Mar-25 08:17:56 - DEBUG] - pymongo.connection - {"clientId": {"$oid": "67cff1b23895a882e3658b5d"}, "message": "Connection ready", "serverHost": "cluster0-shard-00-02.6bcyg.mongodb.net", "serverPort": 27017, "driverConnectionId": 1, "durationMS": 0.26046988368034363}
[11-Mar-25 08:17:56 - DEBUG] - pymongo.connection - {"clientId": {"$oid": "67cff1b23895a882e3658b5d"}, "message": "Connection checked out", "serverHost": "cluster0-shard-00-02.6bcyg.mongodb.net", "serverPort": 27017, "driverConnectionId": 1, "durationMS": 0.4725993722677231}
[11-Mar-25 08:17:56 - DEBUG] - pymongo.command - {"clientId": {"$oid": "67cff1b23895a882e3658b5d"}, "message": "Command started", "command": "{\"find\": \"sudoers\", \"filter\": {\"sudo\": \"sudo\"}, \"limit\": 1, \"singleBatch\": true, \"lsid\": {\"id\": {\"$binary\": {\"base64\": \"i3aLl6VjQo2NiY0zg/rpXQ==\", \"subType\": \"04\"}}}, \"$clusterTime\": {\"clusterTime\": {\"$timestamp\": {\"t\": 1741681071, \"i\": 1}}, \"signature\": {\"hash\": {\"$binary\": {\"base64\": \"R/nMw1M9GLOl//9s1eifPOY/6go=\", \"subType\": \"00\"}}, \"keyId\": 7444665589538226182}}, \"$db\": \"myDatabase\"}", "commandName": "find", "databaseName": "myDatabase", "requestId": 783368690, "operationId": 783368690, "driverConnectionId": 1, "serverConnectionId": 239230, "serverHost": "cluster0-shard-00-02.6bcyg.mongodb.net", "serverPort": 27017}
[11-Mar-25 08:17:56 - DEBUG] - pymongo.command - {"clientId": {"$oid": "67cff1b23895a882e3658b5d"}, "message": "Command succeeded", "durationMS": 87.017, "reply": "{\"cursor\": {\"firstBatch\": [{\"_id\": {\"$oid\": \"67c994efa94068c75fcde5db\"}, \"sudo\": \"sudo\", \"sudoers\": [6401339012]}], \"ns\": \"myDatabase.sudoers\"}, \"ok\": 1.0, \"$clusterTime\": {\"clusterTime\": {\"$timestamp\": {\"t\": 1741681071, \"i\": 1}}, \"signature\": {\"hash\": {\"$binary\": {\"base64\": \"R/nMw1M9GLOl//9s1eifPOY/6go=\", \"subType\": \"00\"}}, \"keyId\": 7444665589538226182}}, \"operationTime\": {\"$timestamp\": {\"t\": 1741681071, \"i\": 1}}}", "commandName": "find", "databaseName": "myDatabase", "requestId": 783368690, "operationId": 783368690, "driverConnectionId": 1, "serverConnectionId": 239230, "serverHost": "cluster0-shard-00-02.6bcyg.mongodb.net", "serverPort": 27017}
[11-Mar-25 08:17:56 - DEBUG] - pymongo.connection - {"clientId": {"$oid": "67cff1b23895a882e3658b5d"}, "message": "Connection checked in", "serverHost": "cluster0-shard-00-02.6bcyg.mongodb.net", "serverPort": 27017, "driverConnectionId": 1}
[2025-03-11 08:17:56,213 - INFO] - ميوزك فوكس - تم تحميل قائمة مطورين البوت ...✓
[11-Mar-25 08:17:56 - INFO] - ميوزك فوكس - تم تحميل قائمة مطورين البوت ...✓
[11-Mar-25 08:17:56 - DEBUG] - pymongo.serverSelection - {"message": "Server selection started", "selector": "Primary()", "operation": "find", "topologyDescription": "<TopologyDescription id: 67cff1b23895a882e3658b5d, topology_type: ReplicaSetWithPrimary, servers: [<ServerDescription ('cluster0-shard-00-00.6bcyg.mongodb.net', 27017) server_type: RSSecondary, rtt: 0.08061498031020164>, <ServerDescription ('cluster0-shard-00-01.6bcyg.mongodb.net', 27017) server_type: RSSecondary, rtt: 0.07912684231996536>, <ServerDescription ('cluster0-shard-00-02.6bcyg.mongodb.net', 27017) server_type: RSPrimary, rtt: 0.08629249408841133>]>", "clientId": {"$oid": "67cff1b23895a882e3658b5d"}}
[11-Mar-25 08:17:56 - DEBUG] - pymongo.serverSelection - {"message": "Server selection succeeded", "selector": "Primary()", "operation": "find", "topologyDescription": "<TopologyDescription id: 67cff1b23895a882e3658b5d, topology_type: ReplicaSetWithPrimary, servers: [<ServerDescription ('cluster0-shard-00-00.6bcyg.mongodb.net', 27017) server_type: RSSecondary, rtt: 0.08061498031020164>, <ServerDescription ('cluster0-shard-00-01.6bcyg.mongodb.net', 27017) server_type: RSSecondary, rtt: 0.07912684231996536>, <ServerDescription ('cluster0-shard-00-02.6bcyg.mongodb.net', 27017) server_type: RSPrimary, rtt: 0.08629249408841133>]>", "clientId": {"$oid": "67cff1b23895a882e3658b5d"}, "serverHost": "cluster0-shard-00-02.6bcyg.mongodb.net", "serverPort": 27017}
[11-Mar-25 08:17:56 - DEBUG] - pymongo.connection - {"clientId": {"$oid": "67cff1b23895a882e3658b5d"}, "message": "Connection checkout started", "serverHost": "cluster0-shard-00-02.6bcyg.mongodb.net", "serverPort": 27017}
[11-Mar-25 08:17:56 - DEBUG] - pymongo.connection - {"clientId": {"$oid": "67cff1b23895a882e3658b5d"}, "message": "Connection checked out", "serverHost": "cluster0-shard-00-02.6bcyg.mongodb.net", "serverPort": 27017, "driverConnectionId": 1, "durationMS": 0.00012494251132011414}
[11-Mar-25 08:17:56 - DEBUG] - pymongo.command - {"clientId": {"$oid": "67cff1b23895a882e3658b5d"}, "message": "Command started", "command": "{\"find\": \"gban\", \"lsid\": {\"id\": {\"$binary\": {\"base64\": \"i3aLl6VjQo2NiY0zg/rpXQ==\", \"subType\": \"04\"}}}, \"$clusterTime\": {\"clusterTime\": {\"$timestamp\": {\"t\": 1741681071, \"i\": 1}}, \"signature\": {\"hash\": {\"$binary\": {\"base64\": \"R/nMw1M9GLOl//9s1eifPOY/6go=\", \"subType\": \"00\"}}, \"keyId\": 7444665589538226182}}, \"$db\": \"myDatabase\"}", "commandName": "find", "databaseName": "myDatabase", "requestId": 1102520059, "operationId": 1102520059, "driverConnectionId": 1, "serverConnectionId": 239230, "serverHost": "cluster0-shard-00-02.6bcyg.mongodb.net", "serverPort": 27017}
[11-Mar-25 08:17:56 - DEBUG] - pymongo.command - {"clientId": {"$oid": "67cff1b23895a882e3658b5d"}, "message": "Command succeeded", "durationMS": 86.50099999999999, "reply": "{\"cursor\": {\"ns\": \"myDatabase.gban\"}, \"ok\": 1.0, \"$clusterTime\": {\"clusterTime\": {\"$timestamp\": {\"t\": 1741681071, \"i\": 1}}, \"signature\": {\"hash\": {\"$binary\": {\"base64\": \"R/nMw1M9GLOl//9s1eifPOY/6go=\", \"subType\": \"00\"}}, \"keyId\": 7444665589538226182}}, \"operationTime\": {\"$timestamp\": {\"t\": 1741681071, \"i\": 1}}}", "commandName": "find", "databaseName": "myDatabase", "requestId": 1102520059, "operationId": 1102520059, "driverConnectionId": 1, "serverConnectionId": 239230, "serverHost": "cluster0-shard-00-02.6bcyg.mongodb.net", "serverPort": 27017}
[11-Mar-25 08:17:56 - DEBUG] - pymongo.connection - {"clientId": {"$oid": "67cff1b23895a882e3658b5d"}, "message": "Connection checked in", "serverHost": "cluster0-shard-00-02.6bcyg.mongodb.net", "serverPort": 27017, "driverConnectionId": 1}
[11-Mar-25 08:17:56 - DEBUG] - pymongo.serverSelection - {"message": "Server selection started", "selector": "Primary()", "operation": "find", "topologyDescription": "<TopologyDescription id: 67cff1b23895a882e3658b5d, topology_type: ReplicaSetWithPrimary, servers: [<ServerDescription ('cluster0-shard-00-00.6bcyg.mongodb.net', 27017) server_type: RSSecondary, rtt: 0.08061498031020164>, <ServerDescription ('cluster0-shard-00-01.6bcyg.mongodb.net', 27017) server_type: RSSecondary, rtt: 0.07912684231996536>, <ServerDescription ('cluster0-shard-00-02.6bcyg.mongodb.net', 27017) server_type: RSPrimary, rtt: 0.08629249408841133>]>", "clientId": {"$oid": "67cff1b23895a882e3658b5d"}}
[11-Mar-25 08:17:56 - DEBUG] - pymongo.serverSelection - {"message": "Server selection succeeded", "selector": "Primary()", "operation": "find", "topologyDescription": "<TopologyDescription id: 67cff1b23895a882e3658b5d, topology_type: ReplicaSetWithPrimary, servers: [<ServerDescription ('cluster0-shard-00-00.6bcyg.mongodb.net', 27017) server_type: RSSecondary, rtt: 0.08061498031020164>, <ServerDescription ('cluster0-shard-00-01.6bcyg.mongodb.net', 27017) server_type: RSSecondary, rtt: 0.07912684231996536>, <ServerDescription ('cluster0-shard-00-02.6bcyg.mongodb.net', 27017) server_type: RSPrimary, rtt: 0.08629249408841133>]>", "clientId": {"$oid": "67cff1b23895a882e3658b5d"}, "serverHost": "cluster0-shard-00-02.6bcyg.mongodb.net", "serverPort": 27017}
[11-Mar-25 08:17:56 - DEBUG] - pymongo.connection - {"clientId": {"$oid": "67cff1b23895a882e3658b5d"}, "message": "Connection checkout started", "serverHost": "cluster0-shard-00-02.6bcyg.mongodb.net", "serverPort": 27017}
[11-Mar-25 08:17:56 - DEBUG] - pymongo.connection - {"clientId": {"$oid": "67cff1b23895a882e3658b5d"}, "message": "Connection checked out", "serverHost": "cluster0-shard-00-02.6bcyg.mongodb.net", "serverPort": 27017, "driverConnectionId": 1, "durationMS": 8.597970008850098e-05}
[11-Mar-25 08:17:56 - DEBUG] - pymongo.command - {"clientId": {"$oid": "67cff1b23895a882e3658b5d"}, "message": "Command started", "command": "{\"find\": \"blockedusers\", \"lsid\": {\"id\": {\"$binary\": {\"base64\": \"i3aLl6VjQo2NiY0zg/rpXQ==\", \"subType\": \"04\"}}}, \"$clusterTime\": {\"clusterTime\": {\"$timestamp\": {\"t\": 1741681071, \"i\": 1}}, \"signature\": {\"hash\": {\"$binary\": {\"base64\": \"R/nMw1M9GLOl//9s1eifPOY/6go=\", \"subType\": \"00\"}}, \"keyId\": 7444665589538226182}}, \"$db\": \"myDatabase\"}", "commandName": "find", "databaseName": "myDatabase", "requestId": 2044897763, "operationId": 2044897763, "driverConnectionId": 1, "serverConnectionId": 239230, "serverHost": "cluster0-shard-00-02.6bcyg.mongodb.net", "serverPort": 27017}
[11-Mar-25 08:17:56 - DEBUG] - pymongo.command - {"clientId": {"$oid": "67cff1b23895a882e3658b5d"}, "message": "Command succeeded", "durationMS": 86.76, "reply": "{\"cursor\": {\"ns\": \"myDatabase.blockedusers\"}, \"ok\": 1.0, \"$clusterTime\": {\"clusterTime\": {\"$timestamp\": {\"t\": 1741681071, \"i\": 1}}, \"signature\": {\"hash\": {\"$binary\": {\"base64\": \"R/nMw1M9GLOl//9s1eifPOY/6go=\", \"subType\": \"00\"}}, \"keyId\": 7444665589538226182}}, \"operationTime\": {\"$timestamp\": {\"t\": 1741681071, \"i\": 1}}}", "commandName": "find", "databaseName": "myDatabase", "requestId": 2044897763, "operationId": 2044897763, "driverConnectionId": 1, "serverConnectionId": 239230, "serverHost": "cluster0-shard-00-02.6bcyg.mongodb.net", "serverPort": 27017}
[11-Mar-25 08:17:56 - DEBUG] - pymongo.connection - {"clientId": {"$oid": "67cff1b23895a882e3658b5d"}, "message": "Connection checked in", "serverHost": "cluster0-shard-00-02.6bcyg.mongodb.net", "serverPort": 27017, "driverConnectionId": 1}
[2025-03-11 08:18:00,858 - ERROR] - SrcMusicKERO.core.bot - Bot has failed to access the log group/channel.
  Reason : AttributeError - 'NoneType' object has no attribute 'write'.
[11-Mar-25 08:18:00 - ERROR] - SrcMusicKERO.core.bot - Bot has failed to access the log group/channel.
  Reason : AttributeError - 'NoneType' object has no attribute 'write'.
[11-Mar-25 08:18:01 - DEBUG] - pymongo.topology - {"topologyId": {"$oid": "67cff1b23895a882e3658b5d"}, "serverHost": "cluster0-shard-00-01.6bcyg.mongodb.net", "serverPort": 27017, "awaited": true, "durationMS": 5529.763408005238, "failure": "\"_OperationCancelled('operation cancelled')\"", "message": "Server heartbeat failed"}
[11-Mar-25 08:18:01 - DEBUG] - pymongo.topology - {"topologyId": {"$oid": "67cff1b23895a882e3658b5d"}, "serverHost": "cluster0-shard-00-02.6bcyg.mongodb.net", "serverPort": 27017, "awaited": true, "durationMS": 5524.509493261576, "failure": "\"_OperationCancelled('operation cancelled')\"", "message": "Server heartbeat failed"}
[11-Mar-25 08:18:01 - DEBUG] - pymongo.topology - {"topologyId": {"$oid": "67cff1b23895a882e3658b5d"}, "serverHost": "cluster0-shard-00-00.6bcyg.mongodb.net", "serverPort": 27017, "awaited": true, "durationMS": 5537.798136472702, "failure": "\"_OperationCancelled('operation cancelled')\"", "message": "Server heartbeat failed"}
